C:\USERS\2061704\DOCUMENTS\VISUAL STUDIO 2012\PROJECTS\CONSOLEAPPLICATION2\CONSOLEAPPLICATION2\DEBUG\MAIN.OBJ
C:\USERS\2061704\DOCUMENTS\VISUAL STUDIO 2012\PROJECTS\CONSOLEAPPLICATION2\CONSOLEAPPLICATION2\DEBUG\VC110.PDB
C:\USERS\2061704\DOCUMENTS\VISUAL STUDIO 2012\PROJECTS\CONSOLEAPPLICATION2\DEBUG\CONSOLEAPPLICATION2.ILK
C:\USERS\2061704\DOCUMENTS\VISUAL STUDIO 2012\PROJECTS\CONSOLEAPPLICATION2\DEBUG\CONSOLEAPPLICATION2.EXE
C:\USERS\2061704\DOCUMENTS\VISUAL STUDIO 2012\PROJECTS\CONSOLEAPPLICATION2\DEBUG\CONSOLEAPPLICATION2.PDB
C:\Users\2061704\documents\visual studio 2012\Projects\ConsoleApplication2\ConsoleApplication2\Debug\main.obj
C:\Users\2061704\documents\visual studio 2012\Projects\ConsoleApplication2\ConsoleApplication2\Debug\cl.command.1.tlog
C:\Users\2061704\documents\visual studio 2012\Projects\ConsoleApplication2\ConsoleApplication2\Debug\CL.read.1.tlog
C:\Users\2061704\documents\visual studio 2012\Projects\ConsoleApplication2\ConsoleApplication2\Debug\CL.write.1.tlog
C:\Users\2061704\documents\visual studio 2012\Projects\ConsoleApplication2\ConsoleApplication2\Debug\link-cvtres.read.1.tlog
C:\Users\2061704\documents\visual studio 2012\Projects\ConsoleApplication2\ConsoleApplication2\Debug\link-cvtres.write.1.tlog
C:\Users\2061704\documents\visual studio 2012\Projects\ConsoleApplication2\ConsoleApplication2\Debug\link-rc.read.1.tlog
C:\Users\2061704\documents\visual studio 2012\Projects\ConsoleApplication2\ConsoleApplication2\Debug\link-rc.write.1.tlog
C:\Users\2061704\documents\visual studio 2012\Projects\ConsoleApplication2\ConsoleApplication2\Debug\link.command.1.tlog
C:\Users\2061704\documents\visual studio 2012\Projects\ConsoleApplication2\ConsoleApplication2\Debug\link.read.1.tlog
C:\Users\2061704\documents\visual studio 2012\Projects\ConsoleApplication2\ConsoleApplication2\Debug\link.write.1.tlog
C:\Users\2061704\documents\visual studio 2012\Projects\ConsoleApplication2\ConsoleApplication2\Debug\vc110.idb
C:\Users\2061704\documents\visual studio 2012\Projects\ConsoleApplication2\ConsoleApplication2\Debug\vc110.pdb
C:\Users\2061704\documents\visual studio 2012\Projects\ConsoleApplication2\Debug\ConsoleApplication2.pdb
C:\Users\2061704\documents\visual studio 2012\Projects\ConsoleApplication2\Debug\ConsoleApplication2.exe
C:\Users\2061704\documents\visual studio 2012\Projects\ConsoleApplication2\Debug\ConsoleApplication2.ilk
